This file contains any messages produced by compilers while
running configure, to aid debugging if configure makes a mistake.

It was created by configure, which was
generated by GNU Autoconf 2.69.  Invocation command line was

  $ ../configure --enable-64bit --with-dist-prefix=/Users/jamesrobinson/Desktop/XCode/ItemEncrypt/ItemEncrypt/Sources/nss/../dist/Darwin18.5.0_cc_64_DBG.OBJ --with-dist-includedir=/Users/jamesrobinson/Desktop/XCode/ItemEncrypt/ItemEncrypt/Sources/nss/../dist/Darwin18.5.0_cc_64_DBG.OBJ/include

## --------- ##
## Platform. ##
## --------- ##

hostname = James-MacBook-Pro.local
uname -m = x86_64
uname -r = 18.5.0
uname -s = Darwin
uname -v = Darwin Kernel Version 18.5.0: Mon Mar 11 20:40:32 PDT 2019; root:xnu-4903.251.3~3/RELEASE_X86_64

/usr/bin/uname -p = i386
/bin/uname -X     = unknown

/bin/arch              = unknown
/usr/bin/arch -k       = unknown
/usr/convex/getsysinfo = unknown
/usr/bin/hostinfo      = Mach kernel version:
	 Darwin Kernel Version 18.5.0: Mon Mar 11 20:40:32 PDT 2019; root:xnu-4903.251.3~3/RELEASE_X86_64
Kernel configured for up to 4 processors.
2 processors are physically available.
4 processors are logically available.
Processor type: x86_64h (Intel x86-64h Haswell)
Processors active: 0 1 2 3
Primary memory available: 8.00 gigabytes
Default processor set: 577 tasks, 2947 threads, 4 processors
Load average: 4.90, Mach factor: 0.75
/bin/machine           = unknown
/usr/bin/oslevel       = unknown
/bin/universe          = unknown

PATH: /Applications/Xcode.app/Contents/Developer/Toolchains/XcodeDefault.xctoolchain/usr/bin
PATH: /Applications/Xcode.app/Contents/Developer/Toolchains/XcodeDefault.xctoolchain/usr/local/bin
PATH: /Applications/Xcode.app/Contents/Developer/Toolchains/XcodeDefault.xctoolchain/usr/libexec
PATH: /Applications/Xcode.app/Contents/Developer/Platforms/iPhoneOS.platform/usr/bin
PATH: /Applications/Xcode.app/Contents/Developer/Platforms/iPhoneOS.platform/usr/local/bin
PATH: /Applications/Xcode.app/Contents/Developer/Platforms/iPhoneOS.platform/Developer/usr/bin
PATH: /Applications/Xcode.app/Contents/Developer/Platforms/iPhoneOS.platform/Developer/usr/local/bin
PATH: /Applications/Xcode.app/Contents/Developer/usr/bin
PATH: /Applications/Xcode.app/Contents/Developer/usr/local/bin
PATH: /usr/local/bin
PATH: /usr/bin
PATH: /bin
PATH: /usr/sbin
PATH: /sbin


## ----------- ##
## Core tests. ##
## ----------- ##

configure:2382: checking build system type
configure:2396: result: x86_64-apple-darwin18.5.0
configure:2416: checking host system type
configure:2429: result: x86_64-apple-darwin18.5.0
configure:2449: checking target system type
configure:2462: result: x86_64-apple-darwin18.5.0
configure:3045: checking for whoami
configure:3063: found /usr/bin/whoami
configure:3076: result: /usr/bin/whoami
configure:3216: checking for gcc
configure:3243: result: cc x86_64
configure:3472: checking for C compiler version
configure:3481: cc x86_64 --version >&5
Apple LLVM version 10.0.1 (clang-1001.0.46.4)
Target: x86_64-apple-darwin18.5.0
Thread model: posix
InstalledDir: /Applications/Xcode.app/Contents/Developer/Toolchains/XcodeDefault.xctoolchain/usr/bin
configure:3492: $? = 0
configure:3481: cc x86_64 -v >&5
Apple LLVM version 10.0.1 (clang-1001.0.46.4)
Target: x86_64-apple-darwin18.5.0
Thread model: posix
InstalledDir: /Applications/Xcode.app/Contents/Developer/Toolchains/XcodeDefault.xctoolchain/usr/bin
clang: error: no such file or directory: 'x86_64'
configure:3492: $? = 1
configure:3481: cc x86_64 -V >&5
clang: error: unsupported option '-V -Wno-atomic-implicit-seq-cst'
clang: error: no such file or directory: 'x86_64'
clang: error: no input files
configure:3492: $? = 1
configure:3481: cc x86_64 -qversion >&5
clang: error: unknown argument '-qversion', did you mean '--version'?
clang: error: no such file or directory: 'x86_64'
clang: error: no input files
configure:3492: $? = 1
configure:3512: checking whether the C compiler works
configure:3534: cc x86_64    conftest.c  >&5
clang: error: no such file or directory: 'x86_64'
configure:3538: $? = 1
configure:3576: result: no
configure: failed program was:
| /* confdefs.h */
| #define PACKAGE_NAME ""
| #define PACKAGE_TARNAME ""
| #define PACKAGE_VERSION ""
| #define PACKAGE_STRING ""
| #define PACKAGE_BUGREPORT ""
| #define PACKAGE_URL ""
| #define DEBUG 1
| /* end confdefs.h.  */
| 
| int
| main ()
| {
| 
|   ;
|   return 0;
| }
configure:3581: error: in `/Users/jamesrobinson/Desktop/XCode/ItemEncrypt/ItemEncrypt/Sources/nspr/Darwin18.5.0_cc_64_DBG.OBJ':
configure:3583: error: C compiler cannot create executables
See `config.log' for more details

## ---------------- ##
## Cache variables. ##
## ---------------- ##

ac_cv_build=x86_64-apple-darwin18.5.0
ac_cv_env_CCC_set=
ac_cv_env_CCC_value=
ac_cv_env_CC_set=set
ac_cv_env_CC_value='cc x86_64'
ac_cv_env_CFLAGS_set=
ac_cv_env_CFLAGS_value=
ac_cv_env_CPPFLAGS_set=
ac_cv_env_CPPFLAGS_value=
ac_cv_env_CPP_set=
ac_cv_env_CPP_value=
ac_cv_env_CXXFLAGS_set=
ac_cv_env_CXXFLAGS_value=
ac_cv_env_CXX_set=set
ac_cv_env_CXX_value='g++ x86_64'
ac_cv_env_LDFLAGS_set=
ac_cv_env_LDFLAGS_value=
ac_cv_env_LIBS_set=
ac_cv_env_LIBS_value=
ac_cv_env_build_alias_set=
ac_cv_env_build_alias_value=
ac_cv_env_host_alias_set=
ac_cv_env_host_alias_value=
ac_cv_env_target_alias_set=
ac_cv_env_target_alias_value=
ac_cv_host=x86_64-apple-darwin18.5.0
ac_cv_path_WHOAMI=/usr/bin/whoami
ac_cv_prog_ac_ct_CC='cc x86_64'
ac_cv_target=x86_64-apple-darwin18.5.0

## ----------------- ##
## Output variables. ##
## ----------------- ##

AIX_LINK_OPTS=''
AR=''
AR_FLAGS=''
AS=''
ASFLAGS=''
ASM_SUFFIX=''
CC='cc x86_64'
CCACHE=''
CFLAGS=''
CPP=''
CPPFLAGS=''
CPU_ARCH=''
CROSS_COMPILE=''
CXX='g++ x86_64'
CXXFLAGS=''
CYGWIN_WRAPPER=''
DEFINES=' -UNDEBUG -DDEBUG_jamesrobinson'
DEFS=''
DLLFLAGS=''
DLL_SUFFIX=''
DSO_CFLAGS=''
DSO_LDOPTS=''
ECHO_C='\c'
ECHO_N=''
ECHO_T=''
EGREP=''
ENABLE_STRIP=''
EXEEXT=''
EXEFLAGS=''
FILTER=''
GCC_USE_GNU_LD=''
GNU_CC=''
GREP=''
HOST_CC=''
HOST_CFLAGS=''
HOST_LDFLAGS=''
IMPLIB=''
LD=''
LDFLAGS=''
LIBNSPR='-L$(dist_libdir) -lnspr$(MOD_MAJOR_VERSION)'
LIBOBJS=''
LIBPLC='-L$(dist_libdir) -lplc$(MOD_MAJOR_VERSION)'
LIBS=''
LIB_SUFFIX=''
LTLIBOBJS=''
MACOSX_DEPLOYMENT_TARGET=''
MACOS_SDK_DIR=''
MDCPUCFG_H=''
MKSHLIB=''
MOD_MAJOR_VERSION='4'
MOD_MINOR_VERSION='22'
MOD_PATCH_VERSION='0'
MOZILLA_CLIENT=''
MOZ_DEBUG='1'
MOZ_DEBUG_SYMBOLS='1'
MOZ_OBJFORMAT=''
MOZ_OPTIMIZE=''
MSC_VER=''
MT=''
NEXT_ROOT=''
NOSUCHFILE='/no-such-file'
NSINSTALL='$(MOD_DEPTH)/config/$(OBJDIR_NAME)/nsinstall'
NSPR_MODNAME='nspr20'
OBJDIR='$(OBJDIR_NAME)'
OBJDIR_NAME='.'
OBJECT_MODE=''
OBJEXT=''
OBJ_SUFFIX=''
OPTIMIZER=''
OS_ARCH=''
OS_DLLFLAGS=''
OS_LIBS=''
OS_RELEASE=''
OS_TARGET=''
OS_TEST=''
PACKAGE_BUGREPORT=''
PACKAGE_NAME=''
PACKAGE_STRING=''
PACKAGE_TARNAME=''
PACKAGE_URL=''
PACKAGE_VERSION=''
PATH_SEPARATOR=':'
PERL=''
PROFILE_GEN_CFLAGS=''
PROFILE_GEN_LDFLAGS=''
PROFILE_USE_CFLAGS=''
PROFILE_USE_LDFLAGS=''
PR_MD_ARCH_DIR=''
PR_MD_ASFILES=''
PR_MD_CSRCS=''
RANLIB=''
RC=''
RCFLAGS=''
RELEASE_OBJDIR_NAME=''
RESOLVE_LINK_SYMBOLS=''
SHELL='/bin/sh'
SHELL_OVERRIDE=''
STRIP=''
SYMBIAN_SDK_DIR=''
ULTRASPARC_LIBRARY=''
USE_64='1'
USE_BTHREADS=''
USE_CPLUS=''
USE_IPV6=''
USE_N32=''
USE_NSPR_THREADS=''
USE_PTHREADS=''
USE_USER_PTHREADS=''
USE_X32=''
VISIBILITY_FLAGS=''
WHOAMI='/usr/bin/whoami'
WINDRES=''
WRAP_LDFLAGS=''
WRAP_SYSTEM_INCLUDES=''
ac_ct_CC='cc x86_64'
ac_ct_CXX=''
bindir='${exec_prefix}/bin'
build='x86_64-apple-darwin18.5.0'
build_alias=''
build_cpu='x86_64'
build_os='darwin18.5.0'
build_vendor='apple'
datadir='${datarootdir}'
datarootdir='${prefix}/share'
dist_bindir='${dist_prefix}/bin'
dist_includedir='/Users/jamesrobinson/Desktop/XCode/ItemEncrypt/ItemEncrypt/Sources/nss/../dist/Darwin18.5.0_cc_64_DBG.OBJ/include'
dist_libdir='${dist_prefix}/lib'
dist_prefix='/Users/jamesrobinson/Desktop/XCode/ItemEncrypt/ItemEncrypt/Sources/nss/../dist/Darwin18.5.0_cc_64_DBG.OBJ'
docdir='${datarootdir}/doc/${PACKAGE}'
dvidir='${docdir}'
exec_prefix='NONE'
host='x86_64-apple-darwin18.5.0'
host_alias=''
host_cpu='x86_64'
host_os='darwin18.5.0'
host_vendor='apple'
htmldir='${docdir}'
includedir='${prefix}/include/nspr'
infodir='${datarootdir}/info'
libdir='${exec_prefix}/lib'
libexecdir='${exec_prefix}/libexec'
localedir='${datarootdir}/locale'
localstatedir='${prefix}/var'
mandir='${datarootdir}/man'
oldincludedir='/usr/include'
pdfdir='${docdir}'
prefix='NONE'
program_transform_name='s,x,x,'
psdir='${docdir}'
sbindir='${exec_prefix}/sbin'
sharedstatedir='${prefix}/com'
sysconfdir='${prefix}/etc'
target='x86_64-apple-darwin18.5.0'
target_alias=''
target_cpu='x86_64'
target_os='darwin18.5.0'
target_vendor='apple'

## ----------- ##
## confdefs.h. ##
## ----------- ##

/* confdefs.h */
#define PACKAGE_NAME ""
#define PACKAGE_TARNAME ""
#define PACKAGE_VERSION ""
#define PACKAGE_STRING ""
#define PACKAGE_BUGREPORT ""
#define PACKAGE_URL ""
#define DEBUG 1

configure: exit 77
